20:24:54  INFO      저장 완료: output\손해보험사_재무제표_20243Q.xlsx
20:28:58  INFO      사용자 매핑 로드: 0건
20:28:58  INFO      사용자 매핑 로드: 0건
20:29:02  INFO      저장 완료: output\손해보험사_재무제표_20253Q.xlsx
20:35:29  INFO      사용자 매핑 로드: 0건
20:35:29  INFO      사용자 매핑 로드: 0건
20:35:34  INFO      저장 완료: output\손해보험사_재무제표_20253Q.xlsx
20:38:44  INFO      사용자 매핑 로드: 0건
20:38:44  INFO      사용자 매핑 로드: 0건
20:38:45  INFO        접수번호: 20251114002900
20:38:45  INFO        XBRL 실패 → PDF 파싱 시도
20:38:46  INFO        접수번호: 20251114003008
20:38:46  INFO        XBRL 실패 → PDF 파싱 시도
20:38:47  INFO        접수번호: 20251114002521
20:38:47  INFO        XBRL 실패 → PDF 파싱 시도
20:38:48  INFO        접수번호: 20251128001443
20:38:48  INFO        XBRL 실패 → PDF 파싱 시도
20:38:49  INFO        접수번호: 20251128001722
20:38:49  INFO        XBRL 실패 → PDF 파싱 시도
20:38:50  INFO        접수번호: 20251126000171
20:38:50  INFO        XBRL 실패 → PDF 파싱 시도
20:38:52  INFO        접수번호: 20251128001857
20:38:52  INFO        XBRL 실패 → PDF 파싱 시도
20:38:53  INFO        접수번호: 20251128001986
20:38:53  INFO        XBRL 실패 → PDF 파싱 시도
20:38:54  INFO        접수번호: 20251128001376
20:38:54  INFO        XBRL 실패 → PDF 파싱 시도
20:38:55  INFO      저장 완료: output\손해보험사_재무제표_20253Q.xlsx
20:40:30  INFO      사용자 매핑 로드: 0건
20:40:30  INFO      사용자 매핑 로드: 0건
20:40:31  INFO        접수번호: 20251114002900
20:40:31  INFO        XBRL 실패 → PDF 파싱 시도
20:40:33  INFO        접수번호: 20251114003008
20:40:33  INFO        XBRL 실패 → PDF 파싱 시도
20:40:36  INFO        접수번호: 20251114002521
20:40:36  INFO        XBRL 실패 → PDF 파싱 시도
20:40:38  INFO        접수번호: 20251128001443
20:40:38  INFO        XBRL 실패 → PDF 파싱 시도
20:40:40  INFO        접수번호: 20251128001722
20:40:40  INFO        XBRL 실패 → PDF 파싱 시도
20:40:43  INFO        접수번호: 20251126000171
20:40:43  INFO        XBRL 실패 → PDF 파싱 시도
20:40:46  INFO        접수번호: 20251128001857
20:40:46  INFO        XBRL 실패 → PDF 파싱 시도
20:40:48  INFO        접수번호: 20251128001986
20:40:48  INFO        XBRL 실패 → PDF 파싱 시도
20:40:50  INFO        접수번호: 20251128001376
20:40:50  INFO        XBRL 실패 → PDF 파싱 시도
20:40:52  INFO      저장 완료: output\손해보험사_재무제표_20253Q.xlsx
20:56:20  INFO      사용자 매핑 로드: 0건
20:56:20  INFO      사용자 매핑 로드: 0건
20:56:21  INFO        접수번호: 20251114002900
20:56:21  INFO        XBRL 실패 → PDF 파싱 시도
20:56:25  INFO        접수번호: 20251114003008
20:56:25  INFO        XBRL 실패 → PDF 파싱 시도
20:56:27  INFO        접수번호: 20251114002521
20:56:27  INFO        XBRL 실패 → PDF 파싱 시도
20:56:29  INFO        접수번호: 20251128001443
20:56:29  INFO        XBRL 실패 → PDF 파싱 시도
20:56:32  INFO        접수번호: 20251128001722
20:56:32  INFO        XBRL 실패 → PDF 파싱 시도
20:56:34  INFO        접수번호: 20251126000171
20:56:34  INFO        XBRL 실패 → PDF 파싱 시도
20:56:36  INFO        접수번호: 20251128001857
20:56:36  INFO        XBRL 실패 → PDF 파싱 시도
20:56:41  INFO        접수번호: 20251128001986
20:56:41  INFO        XBRL 실패 → PDF 파싱 시도
20:56:43  INFO        접수번호: 20251128001376
20:56:43  INFO        XBRL 실패 → PDF 파싱 시도
20:56:45  INFO      저장 완료: output\손해보험사_재무제표_20253Q.xlsx
21:04:37  INFO      사용자 매핑 로드: 0건
21:04:37  INFO      사용자 매핑 로드: 0건
21:04:37  INFO        접수번호: 20251114002900
21:04:37  INFO        XBRL 실패 → PDF 파싱 시도
21:04:39  INFO        접수번호: 20251114003008
21:04:39  INFO        XBRL 실패 → PDF 파싱 시도
21:04:42  INFO        접수번호: 20251114002521
21:04:42  INFO        XBRL 실패 → PDF 파싱 시도
21:04:45  INFO        접수번호: 20251128001443
21:04:45  INFO        XBRL 실패 → PDF 파싱 시도
21:04:47  INFO        접수번호: 20251128001722
21:04:47  INFO        XBRL 실패 → PDF 파싱 시도
21:04:50  INFO        접수번호: 20251126000171
21:04:50  INFO        XBRL 실패 → PDF 파싱 시도
21:04:52  INFO        접수번호: 20251128001857
21:04:52  INFO        XBRL 실패 → PDF 파싱 시도
21:04:54  INFO        접수번호: 20251128001986
21:04:54  INFO        XBRL 실패 → PDF 파싱 시도
21:04:57  INFO        접수번호: 20251128001376
21:04:57  INFO        XBRL 실패 → PDF 파싱 시도
21:04:59  INFO      저장 완료: output\손해보험사_재무제표_20253Q.xlsx
21:06:01  INFO      사용자 매핑 로드: 0건
21:06:01  INFO      사용자 매핑 로드: 0건
21:06:02  INFO        접수번호: 20251114002900
21:06:02  INFO        XBRL 실패 → PDF 파싱 시도
21:06:04  INFO        접수번호: 20251114003008
21:06:04  INFO        XBRL 실패 → PDF 파싱 시도
21:06:06  INFO        접수번호: 20251114002521
21:06:06  INFO        XBRL 실패 → PDF 파싱 시도
21:06:09  INFO        접수번호: 20251128001443
21:06:09  INFO        XBRL 실패 → PDF 파싱 시도
21:06:11  INFO        접수번호: 20251128001722
21:06:11  INFO        XBRL 실패 → PDF 파싱 시도
21:06:14  INFO        접수번호: 20251126000171
21:06:14  INFO        XBRL 실패 → PDF 파싱 시도
21:06:16  INFO        접수번호: 20251128001857
21:06:16  INFO        XBRL 실패 → PDF 파싱 시도
21:06:19  INFO        접수번호: 20251128001986
21:06:19  INFO        XBRL 실패 → PDF 파싱 시도
21:06:21  INFO        접수번호: 20251128001376
21:06:21  INFO        XBRL 실패 → PDF 파싱 시도
21:06:22  INFO      저장 완료: output\손해보험사_재무제표_20253Q.xlsx
21:16:40  INFO      사용자 매핑 로드: 0건
21:16:40  INFO      사용자 매핑 로드: 0건
21:16:41  INFO        접수번호: 20251114002900
21:16:41  INFO        XBRL 실패 → PDF 파싱 시도
21:17:36  INFO        접수번호: 20251114003008
21:17:36  INFO        XBRL 실패 → PDF 파싱 시도
21:18:19  INFO        접수번호: 20251114002521
21:18:19  INFO        XBRL 실패 → PDF 파싱 시도
21:19:21  INFO        접수번호: 20251128001443
21:19:21  INFO        XBRL 실패 → PDF 파싱 시도
21:19:49  INFO        접수번호: 20251128001722
21:19:49  INFO        XBRL 실패 → PDF 파싱 시도
21:20:16  INFO        접수번호: 20251126000171
21:20:16  INFO        XBRL 실패 → PDF 파싱 시도
21:21:02  INFO        접수번호: 20251128001857
21:21:02  INFO        XBRL 실패 → PDF 파싱 시도
21:21:28  INFO        접수번호: 20251128001986
21:21:28  INFO        XBRL 실패 → PDF 파싱 시도
21:21:58  INFO        접수번호: 20251128001376
21:21:58  INFO        XBRL 실패 → PDF 파싱 시도
21:31:39  INFO      사용자 매핑 로드: 185건
21:31:39  INFO      사용자 매핑 로드: 166건
21:31:40  INFO        접수번호: 20251114002900
21:31:40  INFO        XBRL 실패 → PDF 파싱 시도
21:32:35  INFO        접수번호: 20251114003008
21:32:35  INFO        XBRL 실패 → PDF 파싱 시도
21:36:18  INFO      사용자 매핑 로드: 185건
21:36:18  INFO      사용자 매핑 로드: 166건
21:36:23  INFO      저장 완료: output\손해보험사_재무제표_20252Q.xlsx
21:38:20  INFO      사용자 매핑 로드: 185건
21:38:20  INFO      사용자 매핑 로드: 166건
21:38:25  INFO      저장 완료: output\손해보험사_재무제표_20252Q.xlsx
21:39:19  INFO      사용자 매핑 로드: 185건
21:39:19  INFO      사용자 매핑 로드: 166건
21:39:19  ERROR     보고서 목록 조회 실패: could not find "00095545"
21:39:19  ERROR     보고서 목록 조회 실패: could not find "00165770"
21:39:19  ERROR     보고서 목록 조회 실패: could not find "00145170"
21:39:20  ERROR     보고서 목록 조회 실패: could not find "00164245"
21:39:20  INFO        접수번호: 20250814004258
21:39:20  INFO        XBRL 실패 → PDF 파싱 시도
21:41:11  INFO      사용자 매핑 로드: 185건
21:41:11  INFO      사용자 매핑 로드: 166건
21:41:11  ERROR     보고서 목록 조회 실패: could not find "삼성화재해상보험(주)"
21:41:11  ERROR     보고서 목록 조회 실패: could not find "현대해상화재보험(주)"
21:41:11  ERROR     보고서 목록 조회 실패: could not find "DB손해보험(주)"
21:41:11  ERROR     보고서 목록 조회 실패: could not find "KB손해보험(주)"
21:41:11  ERROR     보고서 목록 조회 실패: could not find "메리츠화재해상보험(주)"
21:41:11  ERROR     보고서 목록 조회 실패: could not find "한화손해보험(주)"
21:41:11  ERROR     보고서 목록 조회 실패: could not find "롯데손해보험(주)"
21:41:11  ERROR     보고서 목록 조회 실패: could not find "흥국화재해상보험(주)"
21:41:11  ERROR     보고서 목록 조회 실패: could not find "NH농협손해보험(주)"
21:41:11  INFO      저장 완료: output\손해보험사_재무제표_20252Q.xlsx
21:43:28  INFO      사용자 매핑 로드: 185건
21:43:28  INFO      사용자 매핑 로드: 166건
21:43:29  ERROR     보고서 목록 조회 실패: could not find "삼성화재해상보험(주)"
21:43:29  INFO        접수번호: 20250814004350
21:43:29  INFO        XBRL 실패 → PDF 파싱 시도
21:45:26  INFO      사용자 매핑 로드: 185건
21:45:26  INFO      사용자 매핑 로드: 166건
21:45:27  INFO        접수번호: 20250814004098
21:45:27  INFO        XBRL 실패 → PDF 파싱 시도
21:46:27  INFO        접수번호: 20250814004350
21:46:27  INFO        XBRL 실패 → PDF 파싱 시도
21:47:13  INFO        접수번호: 20250814004289
21:47:13  INFO        XBRL 실패 → PDF 파싱 시도
21:48:18  INFO        접수번호: 20250829001942
21:48:18  INFO        XBRL 실패 → PDF 파싱 시도
21:48:55  INFO        접수번호: 20250829001864
21:48:55  INFO        XBRL 실패 → PDF 파싱 시도
21:49:34  INFO      사용자 매핑 로드: 185건
21:49:34  INFO      사용자 매핑 로드: 166건
21:49:35  INFO        접수번호: 20250814004098
21:49:35  INFO        XBRL 실패 → PDF 파싱 시도
21:51:12  INFO        접수번호: 20250814004350
21:51:12  INFO        XBRL 실패 → PDF 파싱 시도
21:52:08  INFO        접수번호: 20250814004289
21:52:08  INFO        XBRL 실패 → PDF 파싱 시도
21:54:16  INFO        접수번호: 20250829001942
21:54:16  INFO        XBRL 실패 → PDF 파싱 시도
21:55:02  INFO        접수번호: 20250829001864
21:55:02  INFO        XBRL 실패 → PDF 파싱 시도
21:55:39  INFO        접수번호: 20250828000988
21:55:39  INFO        XBRL 실패 → PDF 파싱 시도
21:57:03  INFO        접수번호: 20250829002154
21:57:03  INFO        XBRL 실패 → PDF 파싱 시도
21:57:58  INFO        접수번호: 20250829001940
21:57:58  INFO        XBRL 실패 → PDF 파싱 시도
21:58:39  INFO        접수번호: 20250829001525
21:58:39  INFO        XBRL 실패 → PDF 파싱 시도
22:07:57  INFO      사용자 매핑 로드: 393건
22:07:57  INFO      사용자 매핑 로드: 314건
22:07:58  INFO        접수번호: 20250814004098
22:07:58  INFO        XBRL 실패 → PDF 파싱 시도
22:13:05  INFO      사용자 매핑 로드: 393건
22:13:05  INFO      사용자 매핑 로드: 314건
22:13:06  INFO        접수번호: 20250814004098
22:13:06  INFO        XBRL 실패 → PDF 파싱 시도
22:16:44  INFO      사용자 매핑 로드: 393건
22:16:44  INFO      사용자 매핑 로드: 314건
22:16:44  INFO        접수번호: 20250814004098
22:17:16  INFO      사용자 매핑 로드: 393건
22:17:16  INFO      사용자 매핑 로드: 314건
22:17:17  INFO        접수번호: 20250814004098
22:17:18  INFO      저장 완료: output\손해보험사_재무제표_20252Q.xlsx
22:23:14  INFO      사용자 매핑 로드: 393건
22:23:14  INFO      사용자 매핑 로드: 314건
22:23:14  INFO        접수번호: 20250814004098
22:23:15  INFO      저장 완료: output\손해보험사_재무제표_20252Q.xlsx
22:23:17  INFO      사용자 매핑 로드: 393건
22:23:17  INFO      사용자 매핑 로드: 314건
22:23:18  INFO        접수번호: 20250814004098
22:23:18  INFO      저장 완료: output\손해보험사_재무제표_20252Q.xlsx
22:24:20  INFO      사용자 매핑 로드: 393건
22:24:20  INFO      사용자 매핑 로드: 314건
22:24:21  INFO        접수번호: 20250814004098
22:24:22  INFO        접수번호: 20250814004350
22:24:23  INFO        접수번호: 20250814004289
22:24:24  INFO        접수번호: 20250829001942
22:24:25  INFO        접수번호: 20250829001864
22:24:26  INFO        접수번호: 20250828000988
22:24:28  INFO        접수번호: 20250829002154
22:24:29  INFO        접수번호: 20250829001940
22:24:30  INFO        접수번호: 20250829001525
22:28:55  INFO      사용자 매핑 로드: 393건
22:28:55  INFO      사용자 매핑 로드: 314건
22:28:56  INFO        접수번호: 20250814004098
22:28:57  INFO        접수번호: 20250814004350
22:28:58  INFO        접수번호: 20250814004289
22:28:59  INFO        접수번호: 20250829001942
22:29:00  INFO        접수번호: 20250829001864
22:29:02  INFO        접수번호: 20250828000988
22:29:03  INFO        접수번호: 20250829002154
22:29:04  INFO        접수번호: 20250829001940
22:29:06  INFO        접수번호: 20250829001525
22:29:06  INFO      저장 완료: output\손해보험사_재무제표_20252Q.xlsx
22:49:30  INFO      사용자 매핑 로드: 393건
22:49:30  INFO      사용자 매핑 로드: 314건
22:49:31  INFO        접수번호: 20250814004098
22:49:31  INFO      저장 완료: output\손해보험사_재무제표_20252Q.xlsx
22:50:27  INFO      사용자 매핑 로드: 393건
22:50:27  INFO      사용자 매핑 로드: 314건
22:50:27  INFO        접수번호: 20250814004098
22:50:28  INFO        접수번호: 20250814004350
22:50:29  INFO        접수번호: 20250814004289
22:50:30  INFO        접수번호: 20250829001942
22:50:32  INFO        접수번호: 20250829001864
22:50:33  INFO        접수번호: 20250828000988
22:50:34  INFO        접수번호: 20250829002154
22:50:35  INFO        접수번호: 20250829001940
22:50:36  INFO        접수번호: 20250829001525
22:50:37  INFO      저장 완료: output\손해보험사_재무제표_20252Q.xlsx
23:37:01  INFO      사용자 매핑 로드: 393건
23:37:01  INFO      사용자 매핑 로드: 314건
23:37:05  INFO        접수번호: 20250814004098
23:37:06  INFO        접수번호: 20250814004350
23:37:07  INFO        접수번호: 20250814004289
23:37:08  INFO        접수번호: 20250829001942
23:37:09  INFO        접수번호: 20250829001864
23:37:10  INFO        접수번호: 20250828000988
23:37:12  INFO        접수번호: 20250829002154
23:37:13  INFO        접수번호: 20250829001940
23:37:14  INFO        접수번호: 20250829001525
23:37:15  INFO      저장 완료: output\손해보험사_재무제표_20252Q.xlsx
01:27:09  INFO      사용자 매핑 로드: 393건
01:27:09  INFO      사용자 매핑 로드: 314건
01:27:14  INFO      🔥 run() 시작됨
01:27:14  INFO      
01:27:14  INFO      ============================================================
01:27:14  INFO        손해보험사 재무제표 수집
01:27:14  INFO        대상: 1개사  |  2025년 3분기
01:27:14  INFO      ============================================================
01:27:14  INFO      
[1/1] 메리츠화재 처리 중...
01:27:15  INFO        접수번호: 20251128001722
01:27:16  INFO        ✓ 재무상태표 7건 / 손익계산서 3건
01:27:16  INFO      저장 완료: output\손해보험사_재무제표_20253Q.xlsx
01:27:16  INFO      
01:27:16  INFO      ============================================================
01:27:16  INFO        완료!  성공 1개사 / 실패 0개사
01:27:16  INFO        저장 위치: C:\python\dart\dart_insurance\output\손해보험사_재무제표_20253Q.xlsx
01:27:16  INFO      ============================================================
22:22:36  INFO      사용자 매핑 로드: 393건
22:22:36  INFO      사용자 매핑 로드: 314건
22:22:36  INFO      🔥 run() 시작됨
22:22:36  INFO      
22:22:36  INFO      ============================================================
22:22:36  INFO        손해보험사 재무제표 수집
22:22:36  INFO        대상: 2개사  |  2025년 3분기
22:22:36  INFO      ============================================================
22:22:36  INFO      
[1/2] 현대해상 처리 중...
22:22:38  INFO        접수번호: 20251114003008
22:22:40  INFO        ✓ 재무상태표 7건 / 손익계산서 3건
22:22:40  INFO      
[2/2] 메리츠화재 처리 중...
22:22:42  INFO        접수번호: 20251128001722
22:22:44  INFO        ✓ 재무상태표 7건 / 손익계산서 3건
22:22:44  INFO      저장 완료: output\손해보험사_재무제표_20253Q.xlsx
22:22:44  INFO      
22:22:44  INFO      ============================================================
22:22:44  INFO        완료!  성공 2개사 / 실패 0개사
22:22:44  INFO        저장 위치: C:\python\dart\dart_insurance\output\손해보험사_재무제표_20253Q.xlsx
22:22:44  INFO      ============================================================
